#
# A fatal error has been detected by the Java Runtime Environment:
#
#  Internal Error (javaClasses.cpp:136), pid=5376, tid=4184
#  fatal error: Invalid layout of preloaded class
#
# JRE version:  (7.0_45-b18) (build )
# Java VM: Java HotSpot(TM) Client VM (24.45-b08 mixed mode windows-x86 )
# Failed to write core dump. Minidumps are not enabled by default on client versions of Windows
#
# If you would like to submit a bug report, please visit:
#   http://bugreport.sun.com/bugreport/crash.jsp
#

---------------  T H R E A D  ---------------

Current thread (0x0031c400):  JavaThread "Unknown thread" [_thread_in_vm, id=4184, stack(0x00ad0000,0x00b20000)]

Stack: [0x00ad0000,0x00b20000],  sp=0x00b1f60c,  free space=317k
Native frames: (J=compiled Java code, j=interpreted, Vv=VM code, C=native code)
V  [jvm.dll+0x18df51]
V  [jvm.dll+0x187cc6]
V  [jvm.dll+0x3586a]
V  [jvm.dll+0x358f6]
V  [jvm.dll+0x4400d]
V  [jvm.dll+0x442be]
V  [jvm.dll+0x9263a]
V  [jvm.dll+0x929eb]
V  [jvm.dll+0x13daf1]
V  [jvm.dll+0x1605fc]
V  [jvm.dll+0xc8ebf]
C  [javaw.exe+0x13ce]
C  [javaw.exe+0x1e40]
C  [javaw.exe+0xa5b1]
C  [javaw.exe+0xa63b]
C  [kernel32.dll+0x1338a]
C  [ntdll.dll+0x39f72]
C  [ntdll.dll+0x39f45]


---------------  P R O C E S S  ---------------

Java Threads: ( => current thread )

Other Threads:

=>0x0031c400 (exited) JavaThread "Unknown thread" [_thread_in_vm, id=4184, stack(0x00ad0000,0x00b20000)]

VM state:not at safepoint (not fully initialized)

VM Mutex/Monitor currently owned by a thread: None

GC Heap History (0 events):
No events

Deoptimization events (0 events):
No events

Internal exceptions (0 events):
No events

Events (10 events):
Event: 0.010 loading class 0x0044c8c0 done
Event: 0.011 loading class 0x0044c350 done
Event: 0.011 loading class 0x0044c330
Event: 0.011 loading class 0x00453630
Event: 0.011 loading class 0x00453630 done
Event: 0.011 loading class 0x00453660
Event: 0.011 loading class 0x00453660 done
Event: 0.011 loading class 0x00453690
Event: 0.011 loading class 0x00453690 done
Event: 0.011 loading class 0x0044c330 done


Dynamic libraries:
0x01330000 - 0x0135f000 	C:\Program Files (x86)\Java\jre7\bin\javaw.exe
0x771e0000 - 0x77360000 	C:\Windows\SysWOW64\ntdll.dll
0x767b0000 - 0x768c0000 	C:\Windows\syswow64\kernel32.dll
0x76590000 - 0x765d7000 	C:\Windows\syswow64\KERNELBASE.dll
0x76ba0000 - 0x76c40000 	C:\Windows\syswow64\ADVAPI32.dll
0x74f10000 - 0x74fbc000 	C:\Windows\syswow64\msvcrt.dll
0x74c80000 - 0x74c99000 	C:\Windows\SysWOW64\sechost.dll
0x764a0000 - 0x76590000 	C:\Windows\syswow64\RPCRT4.dll
0x74c00000 - 0x74c60000 	C:\Windows\syswow64\SspiCli.dll
0x74bf0000 - 0x74bfc000 	C:\Windows\syswow64\CRYPTBASE.dll
0x76610000 - 0x76710000 	C:\Windows\syswow64\USER32.dll
0x756d0000 - 0x75760000 	C:\Windows\syswow64\GDI32.dll
0x74c60000 - 0x74c6a000 	C:\Windows\syswow64\LPK.dll
0x74ca0000 - 0x74d3d000 	C:\Windows\syswow64\USP10.dll
0x70490000 - 0x7062e000 	C:\Windows\WinSxS\x86_microsoft.windows.common-controls_6595b64144ccf1df_6.0.7601.17514_none_41e6975e2bd6f2b2\COMCTL32.dll
0x75070000 - 0x750c7000 	C:\Windows\syswow64\SHLWAPI.dll
0x75010000 - 0x75070000 	C:\Windows\system32\IMM32.DLL
0x75770000 - 0x7583c000 	C:\Windows\syswow64\MSCTF.dll
0x5db80000 - 0x5dc3f000 	C:\Program Files (x86)\Java\jre7\bin\msvcr100.dll
0x59290000 - 0x59610000 	C:\Program Files (x86)\Java\jre7\bin\client\jvm.dll
0x748d0000 - 0x748d7000 	C:\Windows\system32\WSOCK32.dll
0x76950000 - 0x76985000 	C:\Windows\syswow64\WS2_32.dll
0x74d40000 - 0x74d46000 	C:\Windows\syswow64\NSI.dll
0x747d0000 - 0x74802000 	C:\Windows\system32\WINMM.dll
0x74c70000 - 0x74c75000 	C:\Windows\syswow64\PSAPI.DLL
0x5d5a0000 - 0x5d5ac000 	C:\Program Files (x86)\Java\jre7\bin\verify.dll
0x5ab80000 - 0x5aba0000 	C:\Program Files (x86)\Java\jre7\bin\java.dll
0x5c0d0000 - 0x5c0e3000 	C:\Program Files (x86)\Java\jre7\bin\zip.dll
0x6fcf0000 - 0x6fddb000 	C:\Windows\system32\dbghelp.dll

VM Arguments:
jvm_args: -Dfile.encoding=UTF-8 -Xbootclasspath:C:\Users\stas.savinov\android-sdks\platforms\android-14\android.jar 
java_command: org.eclipse.jdt.internal.junit.runner.RemoteTestRunner -version 3 -port 50848 -testLoaderClass org.eclipse.jdt.internal.junit4.runner.JUnit4TestLoader -loaderpluginname org.eclipse.jdt.junit4.runtime -classNames test.JUnitBallistics
Launcher Type: SUN_STANDARD

Environment Variables:
CLASSPATH=.;C:\Program Files (x86)\QuickTime\QTSystem\QTJava.zip
PATH=C:/Program Files (x86)/Java/jre7/bin/client;C:/Program Files (x86)/Java/jre7/bin;C:/Program Files (x86)/Java/jre7/lib/i386;C:\STM\STMCR1.6.0\bin;C:\STM\ST40R5.1.0\bin;C:\Program Files (x86)\CA\SC\CAWIN\;C:\Windows\system32;C:\Windows;C:\Windows\System32\Wbem;C:\Windows\System32\WindowsPowerShell\v1.0\;C:\Program Files\Intel\DMIX;C:\Windows\System32\Windows System Resource Manager\bin;C:\Windows\idmu\common;C:\Program Files (x86)\ca\sc\CsamSockAdapter\bin;C:\Program Files (x86)\CA\DSM\bin;C:\Program Files (x86)\CA\SC\CBB\;C:\PROGRA~2\CA\SC\CAM\bin;C:\Program Files (x86)\QuickTime\QTSystem\;C:\Program Files (x86)\Common Files\Check Point\UIFramework 2.0\Bin\;C:\Program Files (x86)\CheckPoint\Endpoint Security\Endpoint Common\bin;C:\STM\ST200R7.1.0\bin;;C:\Programs\Eclipse_Java_3.62_with_ADK_plugin\Eclipse_Java_3.62;
USERNAME=stas.savinov
OS=Windows_NT
PROCESSOR_IDENTIFIER=Intel64 Family 6 Model 15 Stepping 11, GenuineIntel



---------------  S Y S T E M  ---------------

OS: Windows 7 , 64 bit Build 7601 Service Pack 1

CPU:total 2 (2 cores per cpu, 1 threads per core) family 6 model 15 stepping 11, cmov, cx8, fxsr, mmx, sse, sse2, sse3, ssse3, tsc

Memory: 4k page, physical 4111636k(1296328k free), swap 10401228k(6461436k free)

vm_info: Java HotSpot(TM) Client VM (24.45-b08) for windows-x86 JRE (1.7.0_45-b18), built on Oct  8 2013 06:02:43 by "java_re" with unknown MS VC++:1600

time: Tue Sep 16 09:16:24 2014
elapsed time: 0 seconds

